<!DOCTYPE html>

<html>
  <head>
  <meta charset='utf-8'>
  <title>TestNG reports</title>

    <link type="text/css" href="testng-reports1.css" rel="stylesheet" id="ultra" />
    <link type="text/css" href="testng-reports.css" rel="stylesheet" id="retro" disabled="false"/>
    <script type="text/javascript" src="jquery.min.js"></script>
    <script type="text/javascript" src="testng-reports.js"></script>
    <script type="text/javascript" src="https://www.google.com/jsapi"></script>
    <script type='text/javascript'>
      google.load('visualization', '1', {packages:['table']});
      google.setOnLoadCallback(drawTable);
      var suiteTableInitFunctions = new Array();
      var suiteTableData = new Array();
    </script>
    <!--
      <script type="text/javascript" src="jquery-ui/js/jquery-ui-1.8.16.custom.min.js"></script>
     -->
  </head>

  <body>
    <div class="top-banner-root">
      <span class="top-banner-title-font">Test results</span>
      <button id="button" class="button">Switch Retro Theme</button> <!-- button -->
      <br/>
      <span class="top-banner-font-1">1 suite, 4 failed tests</span>
    </div> <!-- top-banner-root -->
    <div class="navigator-root">
      <div class="navigator-suite-header">
        <span>All suites</span>
        <a href="#" title="Collapse/expand all the suites" class="collapse-all-link">
          <img src="collapseall.gif" class="collapse-all-icon">
          </img> <!-- collapse-all-icon -->
        </a> <!-- collapse-all-link -->
      </div> <!-- navigator-suite-header -->
      <div class="suite">
        <div class="rounded-window">
          <div class="suite-header light-rounded-window-top">
            <a href="#" panel-name="suite-Daraz_Test_Suite" class="navigator-link">
              <span class="suite-name border-failed">Daraz Test Suite</span>
            </a> <!-- navigator-link -->
          </div> <!-- suite-header light-rounded-window-top -->
          <div class="navigator-suite-content">
            <div class="suite-section-title">
              <span>Info</span>
            </div> <!-- suite-section-title -->
            <div class="suite-section-content">
              <ul>
                <li>
                  <a href="#" panel-name="test-xml-Daraz_Test_Suite" class="navigator-link ">
                    <span>C:\Users\User\eclipse-workspace\project-daraz\testng.xml</span>
                  </a> <!-- navigator-link  -->
                </li>
                <li>
                  <a href="#" panel-name="testlist-Daraz_Test_Suite" class="navigator-link ">
                    <span class="test-stats">2 tests</span>
                  </a> <!-- navigator-link  -->
                </li>
                <li>
                  <a href="#" panel-name="group-Daraz_Test_Suite" class="navigator-link ">
                    <span>0 groups</span>
                  </a> <!-- navigator-link  -->
                </li>
                <li>
                  <a href="#" panel-name="times-Daraz_Test_Suite" class="navigator-link ">
                    <span>Times</span>
                  </a> <!-- navigator-link  -->
                </li>
                <li>
                  <a href="#" panel-name="reporter-Daraz_Test_Suite" class="navigator-link ">
                    <span>Reporter output</span>
                  </a> <!-- navigator-link  -->
                </li>
                <li>
                  <a href="#" panel-name="ignored-methods-Daraz_Test_Suite" class="navigator-link ">
                    <span>Ignored methods</span>
                  </a> <!-- navigator-link  -->
                </li>
                <li>
                  <a href="#" panel-name="chronological-Daraz_Test_Suite" class="navigator-link ">
                    <span>Chronological view</span>
                  </a> <!-- navigator-link  -->
                </li>
              </ul>
            </div> <!-- suite-section-content -->
            <div class="result-section">
              <div class="suite-section-title">
                <span>Results</span>
              </div> <!-- suite-section-title -->
              <div class="suite-section-content">
                <ul>
                  <li>
                    <span class="method-stats">6 methods, 4 failed,   2 passed</span>
                  </li>
                  <li>
                    <span class="method-list-title failed">Failed methods</span>
                    <span class="show-or-hide-methods failed">
                      <a href="#" panel-name="suite-Daraz_Test_Suite" class="hide-methods failed suite-Daraz_Test_Suite"> (hide)</a> <!-- hide-methods failed suite-Daraz_Test_Suite -->
                      <a href="#" panel-name="suite-Daraz_Test_Suite" class="show-methods failed suite-Daraz_Test_Suite"> (show)</a> <!-- show-methods failed suite-Daraz_Test_Suite -->
                    </span>
                    <div class="method-list-content failed suite-Daraz_Test_Suite">
                      <span>
                        <img src="failed.png" width="3%"/>
                        <a href="#" panel-name="suite-Daraz_Test_Suite" title="co.daraz.Daraz" class="method navigator-link" hash-for-method="buyItem(sk96@gmail.com, sK@1996)">buyItem(sk96@gmail.com, sK@1996)</a> <!-- method navigator-link -->
                      </span>
                      <br/>
                      <span>
                        <img src="failed.png" width="3%"/>
                        <a href="#" panel-name="suite-Daraz_Test_Suite" title="co.daraz.Daraz" class="method navigator-link" hash-for-method="buyItem(sk96@gmail.com, sK@1996)">buyItem(sk96@gmail.com, sK@1996)</a> <!-- method navigator-link -->
                      </span>
                      <br/>
                      <span>
                        <img src="failed.png" width="3%"/>
                        <a href="#" panel-name="suite-Daraz_Test_Suite" title="co.daraz.Daraz" class="method navigator-link" hash-for-method="selectWatchSpecs(5000, 10000)">selectWatchSpecs(5000, 10000)</a> <!-- method navigator-link -->
                      </span>
                      <br/>
                      <span>
                        <img src="failed.png" width="3%"/>
                        <a href="#" panel-name="suite-Daraz_Test_Suite" title="co.daraz.Daraz" class="method navigator-link" hash-for-method="selectWatchSpecs(5000, 10000)">selectWatchSpecs(5000, 10000)</a> <!-- method navigator-link -->
                      </span>
                      <br/>
                    </div> <!-- method-list-content failed suite-Daraz_Test_Suite -->
                  </li>
                  <li>
                    <span class="method-list-title passed">Passed methods</span>
                    <span class="show-or-hide-methods passed">
                      <a href="#" panel-name="suite-Daraz_Test_Suite" class="hide-methods passed suite-Daraz_Test_Suite"> (hide)</a> <!-- hide-methods passed suite-Daraz_Test_Suite -->
                      <a href="#" panel-name="suite-Daraz_Test_Suite" class="show-methods passed suite-Daraz_Test_Suite"> (show)</a> <!-- show-methods passed suite-Daraz_Test_Suite -->
                    </span>
                    <div class="method-list-content passed suite-Daraz_Test_Suite">
                      <span>
                        <img src="passed.png" width="3%"/>
                        <a href="#" panel-name="suite-Daraz_Test_Suite" title="co.daraz.Daraz" class="method navigator-link" hash-for-method="homePage(gents watches, https://www.daraz.lk/)">homePage(gents watches, https://www.daraz.lk/)</a> <!-- method navigator-link -->
                      </span>
                      <br/>
                      <span>
                        <img src="passed.png" width="3%"/>
                        <a href="#" panel-name="suite-Daraz_Test_Suite" title="co.daraz.Daraz" class="method navigator-link" hash-for-method="homePage(gents watches, https://www.daraz.lk/)">homePage(gents watches, https://www.daraz.lk/)</a> <!-- method navigator-link -->
                      </span>
                      <br/>
                    </div> <!-- method-list-content passed suite-Daraz_Test_Suite -->
                  </li>
                </ul>
              </div> <!-- suite-section-content -->
            </div> <!-- result-section -->
          </div> <!-- navigator-suite-content -->
        </div> <!-- rounded-window -->
      </div> <!-- suite -->
    </div> <!-- navigator-root -->
    <div class="wrapper">
      <div class="main-panel-root">
        <div panel-name="suite-Daraz_Test_Suite" class="panel Daraz_Test_Suite">
          <div class="suite-Daraz_Test_Suite-class-failed">
            <div class="main-panel-header rounded-window-top">
              <img src="failed.png"/>
              <span class="class-name">co.daraz.Daraz</span>
            </div> <!-- main-panel-header rounded-window-top -->
            <div class="main-panel-content rounded-window-bottom">
              <div class="method">
                <div class="method-content">
                  <a name="buyItem(sk96@gmail.com, sK@1996)">
                  </a> <!-- buyItem(sk96@gmail.com, sK@1996) -->
                  <span class="method-name">buyItem</span>
                  <span class="parameters">(sk96@gmail.com, sK@1996)</span>
                  <div class="stack-trace">org.openqa.selenium.NoSuchElementException: no such element: Unable to locate element: {&quot;method&quot;:&quot;xpath&quot;,&quot;selector&quot;:&quot;//button[@class=&apos;add-to-cart-buy-now-btn  pdp-button pdp-button_type_text pdp-button_theme_bluedaraz pdp-button_size_xl&apos;]&quot;}
  (Session info: chrome=91.0.4472.124)
For documentation on this error, please visit: https://www.seleniumhq.org/exceptions/no_such_element.html
Build info: version: &apos;3.141.59&apos;, revision: &apos;e82be7d358&apos;, time: &apos;2018-11-14T08:17:03&apos;
System info: host: &apos;SHAMIKA-S-PC&apos;, ip: &apos;192.168.1.100&apos;, os.name: &apos;Windows 10&apos;, os.arch: &apos;amd64&apos;, os.version: &apos;10.0&apos;, java.version: &apos;15.0.2&apos;
Driver info: org.openqa.selenium.chrome.ChromeDriver
Capabilities {acceptInsecureCerts: false, browserName: chrome, browserVersion: 91.0.4472.124, chrome: {chromedriverVersion: 91.0.4472.101 (af52a90bf870..., userDataDir: C:\Users\User\AppData\Local...}, goog:chromeOptions: {debuggerAddress: localhost:64126}, javascriptEnabled: true, networkConnectionEnabled: false, pageLoadStrategy: normal, platform: WINDOWS, platformName: WINDOWS, proxy: Proxy(), setWindowRect: true, strictFileInteractability: false, timeouts: {implicit: 0, pageLoad: 300000, script: 30000}, unhandledPromptBehavior: dismiss and notify, webauthn:extension:largeBlob: true, webauthn:virtualAuthenticators: true}
Session ID: cfd33f1eba4e4408dd05c8ea50e9941f
*** Element info: {Using=xpath, value=//button[@class=&apos;add-to-cart-buy-now-btn  pdp-button pdp-button_type_text pdp-button_theme_bluedaraz pdp-button_size_xl&apos;]}
	at org.openqa.selenium.remote.http.W3CHttpResponseCodec.createException(W3CHttpResponseCodec.java:187)
	at org.openqa.selenium.remote.http.W3CHttpResponseCodec.decode(W3CHttpResponseCodec.java:122)
	at org.openqa.selenium.remote.http.W3CHttpResponseCodec.decode(W3CHttpResponseCodec.java:49)
	at org.openqa.selenium.remote.HttpCommandExecutor.execute(HttpCommandExecutor.java:158)
	at org.openqa.selenium.remote.service.DriverCommandExecutor.execute(DriverCommandExecutor.java:83)
	at org.openqa.selenium.remote.RemoteWebDriver.execute(RemoteWebDriver.java:552)
	at org.openqa.selenium.remote.RemoteWebDriver.findElement(RemoteWebDriver.java:323)
	at org.openqa.selenium.remote.RemoteWebDriver.findElementByXPath(RemoteWebDriver.java:428)
	at org.openqa.selenium.By$ByXPath.findElement(By.java:353)
	at org.openqa.selenium.remote.RemoteWebDriver.findElement(RemoteWebDriver.java:315)
	at co.daraz.Daraz.buyItem(Daraz.java:109)
	at java.base/java.util.ArrayList.forEach(ArrayList.java:1511)
... Removed 32 stack frames
</div> <!-- stack-trace -->
                </div> <!-- method-content -->
              </div> <!-- method -->
              <div class="method">
                <div class="method-content">
                  <a name="buyItem(sk96@gmail.com, sK@1996)">
                  </a> <!-- buyItem(sk96@gmail.com, sK@1996) -->
                  <span class="method-name">buyItem</span>
                  <span class="parameters">(sk96@gmail.com, sK@1996)</span>
                  <div class="stack-trace">org.openqa.selenium.NoSuchElementException: no such element: Unable to locate element: {&quot;method&quot;:&quot;xpath&quot;,&quot;selector&quot;:&quot;//button[@class=&apos;add-to-cart-buy-now-btn  pdp-button pdp-button_type_text pdp-button_theme_bluedaraz pdp-button_size_xl&apos;]&quot;}
  (Session info: MicrosoftEdge=91.0.864.70)
For documentation on this error, please visit: https://www.seleniumhq.org/exceptions/no_such_element.html
Build info: version: &apos;3.141.59&apos;, revision: &apos;e82be7d358&apos;, time: &apos;2018-11-14T08:17:03&apos;
System info: host: &apos;SHAMIKA-S-PC&apos;, ip: &apos;192.168.1.100&apos;, os.name: &apos;Windows 10&apos;, os.arch: &apos;amd64&apos;, os.version: &apos;10.0&apos;, java.version: &apos;15.0.2&apos;
Driver info: org.openqa.selenium.edge.EdgeDriver
Capabilities {acceptInsecureCerts: false, browserName: msedge, browserVersion: 91.0.864.70, javascriptEnabled: true, ms:edgeOptions: {debuggerAddress: localhost:55718}, msedge: {msedgedriverVersion: 91.0.864.70 (8c35a0dac4b4b8..., userDataDir: C:\Users\User\AppData\Local...}, networkConnectionEnabled: false, pageLoadStrategy: normal, platform: WINDOWS, platformName: WINDOWS, proxy: Proxy(), setWindowRect: true, strictFileInteractability: false, timeouts: {implicit: 0, pageLoad: 300000, script: 30000}, unhandledPromptBehavior: dismiss and notify, webauthn:extension:largeBlob: true, webauthn:virtualAuthenticators: true}
Session ID: d575ee65ffbdfe657a13863364c90d9c
*** Element info: {Using=xpath, value=//button[@class=&apos;add-to-cart-buy-now-btn  pdp-button pdp-button_type_text pdp-button_theme_bluedaraz pdp-button_size_xl&apos;]}
	at org.openqa.selenium.remote.http.W3CHttpResponseCodec.createException(W3CHttpResponseCodec.java:187)
	at org.openqa.selenium.remote.http.W3CHttpResponseCodec.decode(W3CHttpResponseCodec.java:122)
	at org.openqa.selenium.remote.http.W3CHttpResponseCodec.decode(W3CHttpResponseCodec.java:49)
	at org.openqa.selenium.remote.HttpCommandExecutor.execute(HttpCommandExecutor.java:158)
	at org.openqa.selenium.remote.service.DriverCommandExecutor.execute(DriverCommandExecutor.java:83)
	at org.openqa.selenium.remote.RemoteWebDriver.execute(RemoteWebDriver.java:552)
	at org.openqa.selenium.remote.RemoteWebDriver.findElement(RemoteWebDriver.java:323)
	at org.openqa.selenium.remote.RemoteWebDriver.findElementByXPath(RemoteWebDriver.java:428)
	at org.openqa.selenium.By$ByXPath.findElement(By.java:353)
	at org.openqa.selenium.remote.RemoteWebDriver.findElement(RemoteWebDriver.java:315)
	at co.daraz.Daraz.buyItem(Daraz.java:109)
	at java.base/java.util.ArrayList.forEach(ArrayList.java:1511)
... Removed 32 stack frames
</div> <!-- stack-trace -->
                </div> <!-- method-content -->
              </div> <!-- method -->
              <div class="method">
                <div class="method-content">
                  <a name="selectWatchSpecs(5000, 10000)">
                  </a> <!-- selectWatchSpecs(5000, 10000) -->
                  <span class="method-name">selectWatchSpecs</span>
                  <span class="parameters">(5000, 10000)</span>
                  <div class="stack-trace">org.openqa.selenium.ElementClickInterceptedException: element click intercepted: Element &lt;span&gt;...&lt;/span&gt; is not clickable at point (119, 7). Other element would receive the click: &lt;div class=&quot;lzd-logo-bar&quot;&gt;...&lt;/div&gt;
  (Session info: chrome=91.0.4472.124)
Build info: version: &apos;3.141.59&apos;, revision: &apos;e82be7d358&apos;, time: &apos;2018-11-14T08:17:03&apos;
System info: host: &apos;SHAMIKA-S-PC&apos;, ip: &apos;192.168.1.100&apos;, os.name: &apos;Windows 10&apos;, os.arch: &apos;amd64&apos;, os.version: &apos;10.0&apos;, java.version: &apos;15.0.2&apos;
Driver info: org.openqa.selenium.chrome.ChromeDriver
Capabilities {acceptInsecureCerts: false, browserName: chrome, browserVersion: 91.0.4472.124, chrome: {chromedriverVersion: 91.0.4472.101 (af52a90bf870..., userDataDir: C:\Users\User\AppData\Local...}, goog:chromeOptions: {debuggerAddress: localhost:64126}, javascriptEnabled: true, networkConnectionEnabled: false, pageLoadStrategy: normal, platform: WINDOWS, platformName: WINDOWS, proxy: Proxy(), setWindowRect: true, strictFileInteractability: false, timeouts: {implicit: 0, pageLoad: 300000, script: 30000}, unhandledPromptBehavior: dismiss and notify, webauthn:extension:largeBlob: true, webauthn:virtualAuthenticators: true}
Session ID: cfd33f1eba4e4408dd05c8ea50e9941f
	at org.openqa.selenium.remote.http.W3CHttpResponseCodec.createException(W3CHttpResponseCodec.java:187)
	at org.openqa.selenium.remote.http.W3CHttpResponseCodec.decode(W3CHttpResponseCodec.java:122)
	at org.openqa.selenium.remote.http.W3CHttpResponseCodec.decode(W3CHttpResponseCodec.java:49)
	at org.openqa.selenium.remote.HttpCommandExecutor.execute(HttpCommandExecutor.java:158)
	at org.openqa.selenium.remote.service.DriverCommandExecutor.execute(DriverCommandExecutor.java:83)
	at org.openqa.selenium.remote.RemoteWebDriver.execute(RemoteWebDriver.java:552)
	at org.openqa.selenium.remote.RemoteWebElement.execute(RemoteWebElement.java:285)
	at org.openqa.selenium.remote.RemoteWebElement.click(RemoteWebElement.java:84)
	at co.daraz.Daraz.selectWatchSpecs(Daraz.java:98)
	at java.base/java.util.ArrayList.forEach(ArrayList.java:1511)
... Removed 32 stack frames
</div> <!-- stack-trace -->
                </div> <!-- method-content -->
              </div> <!-- method -->
              <div class="method">
                <div class="method-content">
                  <a name="selectWatchSpecs(5000, 10000)">
                  </a> <!-- selectWatchSpecs(5000, 10000) -->
                  <span class="method-name">selectWatchSpecs</span>
                  <span class="parameters">(5000, 10000)</span>
                  <div class="stack-trace">org.openqa.selenium.ElementClickInterceptedException: element click intercepted: Element &lt;input type=&quot;number&quot; min=&quot;0&quot; class=&quot;c30Om7&quot; placeholder=&quot;Min&quot; value=&quot;&quot; pattern=&quot;[0-9]*&quot;&gt; is not clickable at point (114, 15). Other element would receive the click: &lt;img src=&quot;//icms-image.slatic.net/images/ims-web/5db0c038-b659-4867-980e-158dc924452f.png&quot; alt=&quot;&quot;&gt;
  (Session info: MicrosoftEdge=91.0.864.70)
Build info: version: &apos;3.141.59&apos;, revision: &apos;e82be7d358&apos;, time: &apos;2018-11-14T08:17:03&apos;
System info: host: &apos;SHAMIKA-S-PC&apos;, ip: &apos;192.168.1.100&apos;, os.name: &apos;Windows 10&apos;, os.arch: &apos;amd64&apos;, os.version: &apos;10.0&apos;, java.version: &apos;15.0.2&apos;
Driver info: org.openqa.selenium.edge.EdgeDriver
Capabilities {acceptInsecureCerts: false, browserName: msedge, browserVersion: 91.0.864.70, javascriptEnabled: true, ms:edgeOptions: {debuggerAddress: localhost:55718}, msedge: {msedgedriverVersion: 91.0.864.70 (8c35a0dac4b4b8..., userDataDir: C:\Users\User\AppData\Local...}, networkConnectionEnabled: false, pageLoadStrategy: normal, platform: WINDOWS, platformName: WINDOWS, proxy: Proxy(), setWindowRect: true, strictFileInteractability: false, timeouts: {implicit: 0, pageLoad: 300000, script: 30000}, unhandledPromptBehavior: dismiss and notify, webauthn:extension:largeBlob: true, webauthn:virtualAuthenticators: true}
Session ID: d575ee65ffbdfe657a13863364c90d9c
	at org.openqa.selenium.remote.http.W3CHttpResponseCodec.createException(W3CHttpResponseCodec.java:187)
	at org.openqa.selenium.remote.http.W3CHttpResponseCodec.decode(W3CHttpResponseCodec.java:122)
	at org.openqa.selenium.remote.http.W3CHttpResponseCodec.decode(W3CHttpResponseCodec.java:49)
	at org.openqa.selenium.remote.HttpCommandExecutor.execute(HttpCommandExecutor.java:158)
	at org.openqa.selenium.remote.service.DriverCommandExecutor.execute(DriverCommandExecutor.java:83)
	at org.openqa.selenium.remote.RemoteWebDriver.execute(RemoteWebDriver.java:552)
	at org.openqa.selenium.remote.RemoteWebElement.execute(RemoteWebElement.java:285)
	at org.openqa.selenium.remote.RemoteWebElement.click(RemoteWebElement.java:84)
	at co.daraz.Daraz.selectWatchSpecs(Daraz.java:76)
	at java.base/java.util.ArrayList.forEach(ArrayList.java:1511)
... Removed 32 stack frames
</div> <!-- stack-trace -->
                </div> <!-- method-content -->
              </div> <!-- method -->
            </div> <!-- main-panel-content rounded-window-bottom -->
          </div> <!-- suite-Daraz_Test_Suite-class-failed -->
          <div class="suite-Daraz_Test_Suite-class-passed">
            <div class="main-panel-header rounded-window-top">
              <img src="passed.png"/>
              <span class="class-name">co.daraz.Daraz</span>
            </div> <!-- main-panel-header rounded-window-top -->
            <div class="main-panel-content rounded-window-bottom">
              <div class="method">
                <div class="method-content">
                  <a name="homePage(gents watches, https://www.daraz.lk/)">
                  </a> <!-- homePage(gents watches, https://www.daraz.lk/) -->
                  <span class="method-name">homePage</span>
                  <span class="parameters">(gents watches, https://www.daraz.lk/)</span>
                </div> <!-- method-content -->
              </div> <!-- method -->
              <div class="method">
                <div class="method-content">
                  <a name="homePage(gents watches, https://www.daraz.lk/)">
                  </a> <!-- homePage(gents watches, https://www.daraz.lk/) -->
                  <span class="method-name">homePage</span>
                  <span class="parameters">(gents watches, https://www.daraz.lk/)</span>
                </div> <!-- method-content -->
              </div> <!-- method -->
            </div> <!-- main-panel-content rounded-window-bottom -->
          </div> <!-- suite-Daraz_Test_Suite-class-passed -->
        </div> <!-- panel Daraz_Test_Suite -->
        <div panel-name="test-xml-Daraz_Test_Suite" class="panel">
          <div class="main-panel-header rounded-window-top">
            <span class="header-content">C:\Users\User\eclipse-workspace\project-daraz\testng.xml</span>
          </div> <!-- main-panel-header rounded-window-top -->
          <div class="main-panel-content rounded-window-bottom">
            <pre>
&lt;?xml version=&quot;1.0&quot; encoding=&quot;UTF-8&quot;?&gt;
&lt;!DOCTYPE suite SYSTEM &quot;https://testng.org/testng-1.0.dtd&quot;&gt;
&lt;suite name=&quot;Daraz Test Suite&quot; guice-stage=&quot;DEVELOPMENT&quot;&gt;
  &lt;test thread-count=&quot;5&quot; name=&quot;Testing Daraz Web Application using Chrome&quot;&gt;
    &lt;parameter name=&quot;itemName&quot; value=&quot;gents watches&quot;/&gt;
    &lt;parameter name=&quot;password&quot; value=&quot;sK@1996&quot;/&gt;
    &lt;parameter name=&quot;minPrice&quot; value=&quot;5000&quot;/&gt;
    &lt;parameter name=&quot;browserName&quot; value=&quot;chrome&quot;/&gt;
    &lt;parameter name=&quot;maxPrice&quot; value=&quot;10000&quot;/&gt;
    &lt;parameter name=&quot;url&quot; value=&quot;https://www.daraz.lk/&quot;/&gt;
    &lt;parameter name=&quot;email&quot; value=&quot;sk96@gmail.com&quot;/&gt;
    &lt;classes&gt;
      &lt;class name=&quot;co.daraz.Daraz&quot;/&gt;
    &lt;/classes&gt;
  &lt;/test&gt; &lt;!-- Testing Daraz Web Application using Chrome --&gt;
  &lt;test thread-count=&quot;5&quot; name=&quot;Testing Daraz Web Application using Edge&quot;&gt;
    &lt;parameter name=&quot;itemName&quot; value=&quot;gents watches&quot;/&gt;
    &lt;parameter name=&quot;password&quot; value=&quot;sK@1996&quot;/&gt;
    &lt;parameter name=&quot;minPrice&quot; value=&quot;5000&quot;/&gt;
    &lt;parameter name=&quot;browserName&quot; value=&quot;edge&quot;/&gt;
    &lt;parameter name=&quot;maxPrice&quot; value=&quot;10000&quot;/&gt;
    &lt;parameter name=&quot;url&quot; value=&quot;https://www.daraz.lk/&quot;/&gt;
    &lt;parameter name=&quot;email&quot; value=&quot;sk96@gmail.com&quot;/&gt;
    &lt;classes&gt;
      &lt;class name=&quot;co.daraz.Daraz&quot;/&gt;
    &lt;/classes&gt;
  &lt;/test&gt; &lt;!-- Testing Daraz Web Application using Edge --&gt;
&lt;/suite&gt; &lt;!-- Daraz Test Suite --&gt;
            </pre>
          </div> <!-- main-panel-content rounded-window-bottom -->
        </div> <!-- panel -->
        <div panel-name="testlist-Daraz_Test_Suite" class="panel">
          <div class="main-panel-header rounded-window-top">
            <span class="header-content">Tests for Daraz Test Suite</span>
          </div> <!-- main-panel-header rounded-window-top -->
          <div class="main-panel-content rounded-window-bottom">
            <ul>
              <li>
                <span class="test-name">Testing Daraz Web Application using Chrome (1 class)</span>
              </li>
              <li>
                <span class="test-name">Testing Daraz Web Application using Edge (1 class)</span>
              </li>
            </ul>
          </div> <!-- main-panel-content rounded-window-bottom -->
        </div> <!-- panel -->
        <div panel-name="group-Daraz_Test_Suite" class="panel">
          <div class="main-panel-header rounded-window-top">
            <span class="header-content">Groups for Daraz Test Suite</span>
          </div> <!-- main-panel-header rounded-window-top -->
          <div class="main-panel-content rounded-window-bottom">
          </div> <!-- main-panel-content rounded-window-bottom -->
        </div> <!-- panel -->
        <div panel-name="times-Daraz_Test_Suite" class="panel">
          <div class="main-panel-header rounded-window-top">
            <span class="header-content">Times for Daraz Test Suite</span>
          </div> <!-- main-panel-header rounded-window-top -->
          <div class="main-panel-content rounded-window-bottom">
            <div class="times-div">
              <script type="text/javascript">
suiteTableInitFunctions.push('tableData_Daraz_Test_Suite');
function tableData_Daraz_Test_Suite() {
var data = new google.visualization.DataTable();
data.addColumn('number', 'Number');
data.addColumn('string', 'Method');
data.addColumn('string', 'Class');
data.addColumn('number', 'Time (ms)');
data.addRows(6);
data.setCell(0, 0, 0)
data.setCell(0, 1, 'homePage')
data.setCell(0, 2, 'co.daraz.Daraz')
data.setCell(0, 3, 22562);
data.setCell(1, 0, 1)
data.setCell(1, 1, 'buyItem')
data.setCell(1, 2, 'co.daraz.Daraz')
data.setCell(1, 3, 20050);
data.setCell(2, 0, 2)
data.setCell(2, 1, 'buyItem')
data.setCell(2, 2, 'co.daraz.Daraz')
data.setCell(2, 3, 20047);
data.setCell(3, 0, 3)
data.setCell(3, 1, 'homePage')
data.setCell(3, 2, 'co.daraz.Daraz')
data.setCell(3, 3, 15931);
data.setCell(4, 0, 4)
data.setCell(4, 1, 'selectWatchSpecs')
data.setCell(4, 2, 'co.daraz.Daraz')
data.setCell(4, 3, 8584);
data.setCell(5, 0, 5)
data.setCell(5, 1, 'selectWatchSpecs')
data.setCell(5, 2, 'co.daraz.Daraz')
data.setCell(5, 3, 5888);
window.suiteTableData['Daraz_Test_Suite']= { tableData: data, tableDiv: 'times-div-Daraz_Test_Suite'}
return data;
}
              </script>
              <span class="suite-total-time">Total running time: 1 minutes</span>
              <div id="times-div-Daraz_Test_Suite">
              </div> <!-- times-div-Daraz_Test_Suite -->
            </div> <!-- times-div -->
          </div> <!-- main-panel-content rounded-window-bottom -->
        </div> <!-- panel -->
        <div panel-name="reporter-Daraz_Test_Suite" class="panel">
          <div class="main-panel-header rounded-window-top">
            <span class="header-content">Reporter output for Daraz Test Suite</span>
          </div> <!-- main-panel-header rounded-window-top -->
          <div class="main-panel-content rounded-window-bottom">
          </div> <!-- main-panel-content rounded-window-bottom -->
        </div> <!-- panel -->
        <div panel-name="ignored-methods-Daraz_Test_Suite" class="panel">
          <div class="main-panel-header rounded-window-top">
            <span class="header-content">0 ignored methods</span>
          </div> <!-- main-panel-header rounded-window-top -->
          <div class="main-panel-content rounded-window-bottom">
          </div> <!-- main-panel-content rounded-window-bottom -->
        </div> <!-- panel -->
        <div panel-name="chronological-Daraz_Test_Suite" class="panel">
          <div class="main-panel-header rounded-window-top">
            <span class="header-content">Methods in chronological order</span>
          </div> <!-- main-panel-header rounded-window-top -->
          <div class="main-panel-content rounded-window-bottom">
            <div class="chronological-class">
              <div class="chronological-class-name">co.daraz.Daraz</div> <!-- chronological-class-name -->
              <div class="configuration-test before">
                <span class="method-name">setUpBrowser(chrome)</span>
                <span class="method-start">0 ms</span>
              </div> <!-- configuration-test before -->
              <div class="test-method">
                <span class="method-name">homePage(gents watches, https://www.daraz.lk/)</span>
                <span class="method-start">5728 ms</span>
              </div> <!-- test-method -->
              <div class="test-method">
                <img src="failed.png">
                </img>
                <span class="method-name">selectWatchSpecs(5000, 10000)</span>
                <span class="method-start">21671 ms</span>
              </div> <!-- test-method -->
              <div class="test-method">
                <img src="failed.png">
                </img>
                <span class="method-name">buyItem(sk96@gmail.com, sK@1996)</span>
                <span class="method-start">30263 ms</span>
              </div> <!-- test-method -->
              <div class="configuration-test after">
                <span class="method-name">tearDown</span>
                <span class="method-start">50314 ms</span>
              </div> <!-- configuration-test after -->
              <div class="configuration-test before">
                <span class="method-name">setUpBrowser(edge)</span>
                <span class="method-start">50757 ms</span>
              </div> <!-- configuration-test before -->
              <div class="test-method">
                <span class="method-name">homePage(gents watches, https://www.daraz.lk/)</span>
                <span class="method-start">61007 ms</span>
              </div> <!-- test-method -->
              <div class="test-method">
                <img src="failed.png">
                </img>
                <span class="method-name">selectWatchSpecs(5000, 10000)</span>
                <span class="method-start">83572 ms</span>
              </div> <!-- test-method -->
              <div class="test-method">
                <img src="failed.png">
                </img>
                <span class="method-name">buyItem(sk96@gmail.com, sK@1996)</span>
                <span class="method-start">89463 ms</span>
              </div> <!-- test-method -->
              <div class="configuration-test after">
                <span class="method-name">tearDown</span>
                <span class="method-start">109516 ms</span>
              </div> <!-- configuration-test after -->
          </div> <!-- main-panel-content rounded-window-bottom -->
        </div> <!-- panel -->
      </div> <!-- main-panel-root -->
    </div> <!-- wrapper -->
  </body>
<script type="text/javascript" src="testng-reports2.js"></script>
</html>
